[02/Dec/2020:09:34:49] (I): WordPress Instance Info:
[02/Dec/2020:09:34:49] (I): Home URL : http://portfolio.test
[02/Dec/2020:09:34:49] (I): Site URL : http://portfolio.test
[02/Dec/2020:09:34:49] (I): WordPress Version : 5.5.3
[02/Dec/2020:09:34:49] (I): Onboarding Version : 1.1.0
[02/Dec/2020:09:34:49] (I): Multisite : No
[02/Dec/2020:09:34:49] (I): Server Info : Apache/2.4.35 (Win64) OpenSSL/1.1.1b PHP/7.2.19
[02/Dec/2020:09:34:49] (I): PHP Version : 7.2.19
[02/Dec/2020:09:34:49] (I): HTTPS : No
[02/Dec/2020:09:34:49] (I): PHP Max Execution Time : 36000
[02/Dec/2020:09:34:49] (I): PHP Max Input Vars : 1000
[02/Dec/2020:09:34:49] (I): Max Upload Size : 2147483648
[02/Dec/2020:09:34:49] (I): Plugins:
[02/Dec/2020:09:34:49] (I): [PLUGIN] Gutenberg Blocks and Template Library by Otter : v1.5.11 (ThemeIsle)
[02/Dec/2020:09:34:49] (I): [PLUGIN] Templates Patterns Collection : v1.1.0 (ThemeIsle)
[02/Dec/2020:09:34:49] (I): [PLUGIN] WPForms Lite : v1.6.3.1 (WPForms)
[02/Dec/2020:09:34:49] (P): Saving remote XML
[02/Dec/2020:09:34:49] (S): Saved remote XML at path C:\laragon\www\portfolio/wp-content/uploads/themeisle-demo-import.xml.
[02/Dec/2020:09:34:49] (P): Starting content import...
[02/Dec/2020:09:34:49] (S): Import started.
[02/Dec/2020:09:34:49] (S): Parsing XML file.
[02/Dec/2020:09:34:49] (P): Starting parsing file:C:\laragon\www\portfolio/wp-content/uploads/themeisle-demo-import.xml
[02/Dec/2020:09:34:49] (P): Using WXR_Parser_SimpleXML...
[02/Dec/2020:09:34:49] (S): Parsed XML
[02/Dec/2020:09:34:49] (P): Processing categories...
[02/Dec/2020:09:34:49] (S): Processed categories.
[02/Dec/2020:09:34:49] (P): Processing tags...
[02/Dec/2020:09:34:49] (S): No tags to process.
[02/Dec/2020:09:34:49] (P): Processing terms...
[02/Dec/2020:09:34:49] (S): Processed terms.
[02/Dec/2020:09:34:49] (P): Processing posts...
[02/Dec/2020:09:34:49] (P): Processing single menu item ' '...
[02/Dec/2020:09:34:49] (P): Processing attachment: https://s33834.pcdn.co/web-agency-gb/wp-content/uploads/sites/422/2020/01/neve-webdesign-GB-01.png...
[02/Dec/2020:09:34:49] (P): Fetching attachment from url: https://s33834.pcdn.co/web-agency-gb/wp-content/uploads/sites/422/2020/01/neve-webdesign-GB-01.png...
[02/Dec/2020:09:34:50] (S): Fetched remote attachment.
[02/Dec/2020:09:34:50] (P): Inserting attachment...
[02/Dec/2020:09:34:50] (S): Attachment inserted
[02/Dec/2020:09:34:50] (S): Processed attachment.
[02/Dec/2020:09:34:50] (P): Processing attachment: https://s33834.pcdn.co/web-agency-gb/wp-content/uploads/sites/422/2020/01/neve-webdesign-GB-03.png...
[02/Dec/2020:09:34:50] (P): Fetching attachment from url: https://s33834.pcdn.co/web-agency-gb/wp-content/uploads/sites/422/2020/01/neve-webdesign-GB-03.png...
[02/Dec/2020:09:34:50] (S): Fetched remote attachment.
[02/Dec/2020:09:34:50] (P): Inserting attachment...
[02/Dec/2020:09:34:50] (S): Attachment inserted
[02/Dec/2020:09:34:50] (S): Processed attachment.
[02/Dec/2020:09:34:50] (P): Processing attachment: https://s33834.pcdn.co/web-agency-gb/wp-content/uploads/sites/422/2020/01/neve-webdesign-GB-04.png...
[02/Dec/2020:09:34:50] (P): Fetching attachment from url: https://s33834.pcdn.co/web-agency-gb/wp-content/uploads/sites/422/2020/01/neve-webdesign-GB-04.png...
[02/Dec/2020:09:34:50] (S): Fetched remote attachment.
[02/Dec/2020:09:34:50] (P): Inserting attachment...
[02/Dec/2020:09:34:50] (S): Attachment inserted
[02/Dec/2020:09:34:50] (S): Processed attachment.
[02/Dec/2020:09:34:50] (P): Processing attachment: https://s33834.pcdn.co/web-agency-gb/wp-content/uploads/sites/422/2020/01/neve-web-design-bg-05.jpg...
[02/Dec/2020:09:34:50] (P): Fetching attachment from url: https://s33834.pcdn.co/web-agency-gb/wp-content/uploads/sites/422/2020/01/neve-web-design-bg-05.jpg...
[02/Dec/2020:09:34:50] (S): Fetched remote attachment.
[02/Dec/2020:09:34:50] (P): Inserting attachment...
[02/Dec/2020:09:34:50] (S): Attachment inserted
[02/Dec/2020:09:34:50] (S): Processed attachment.
[02/Dec/2020:09:34:50] (P): Processing attachment: https://s33834.pcdn.co/web-agency-gb/wp-content/uploads/sites/422/2020/01/neve-web-design-bg-06.jpg...
[02/Dec/2020:09:34:50] (P): Fetching attachment from url: https://s33834.pcdn.co/web-agency-gb/wp-content/uploads/sites/422/2020/01/neve-web-design-bg-06.jpg...
[02/Dec/2020:09:34:50] (S): Fetched remote attachment.
[02/Dec/2020:09:34:50] (P): Inserting attachment...
[02/Dec/2020:09:34:50] (S): Attachment inserted
[02/Dec/2020:09:34:50] (S): Processed attachment.
[02/Dec/2020:09:34:50] (P): Processing attachment: https://s33834.pcdn.co/web-agency-gb/wp-content/uploads/sites/422/2020/01/neve-web-design-bg-07.jpg...
[02/Dec/2020:09:34:50] (P): Fetching attachment from url: https://s33834.pcdn.co/web-agency-gb/wp-content/uploads/sites/422/2020/01/neve-web-design-bg-07.jpg...
[02/Dec/2020:09:34:51] (S): Fetched remote attachment.
[02/Dec/2020:09:34:51] (P): Inserting attachment...
[02/Dec/2020:09:34:51] (S): Attachment inserted
[02/Dec/2020:09:34:51] (S): Processed attachment.
[02/Dec/2020:09:34:51] (P): Processing attachment: https://s33834.pcdn.co/web-agency-gb/wp-content/uploads/sites/422/2020/01/neve-web-design-bg-08.jpg...
[02/Dec/2020:09:34:51] (P): Fetching attachment from url: https://s33834.pcdn.co/web-agency-gb/wp-content/uploads/sites/422/2020/01/neve-web-design-bg-08.jpg...
[02/Dec/2020:09:34:51] (S): Fetched remote attachment.
[02/Dec/2020:09:34:51] (P): Inserting attachment...
[02/Dec/2020:09:34:51] (S): Attachment inserted
[02/Dec/2020:09:34:51] (S): Processed attachment.
[02/Dec/2020:09:34:51] (P): Processing attachment: https://s33834.pcdn.co/web-agency-gb/wp-content/uploads/sites/422/2020/01/neve-web-design-bg-09.jpg...
[02/Dec/2020:09:34:51] (P): Fetching attachment from url: https://s33834.pcdn.co/web-agency-gb/wp-content/uploads/sites/422/2020/01/neve-web-design-bg-09.jpg...
[02/Dec/2020:09:34:51] (S): Fetched remote attachment.
[02/Dec/2020:09:34:51] (P): Inserting attachment...
[02/Dec/2020:09:34:51] (S): Attachment inserted
[02/Dec/2020:09:34:51] (S): Processed attachment.
[02/Dec/2020:09:34:51] (P): Processing attachment: https://s33834.pcdn.co/web-agency-gb/wp-content/uploads/sites/422/2020/01/neve-web-design-bg-10.jpg...
[02/Dec/2020:09:34:51] (P): Fetching attachment from url: https://s33834.pcdn.co/web-agency-gb/wp-content/uploads/sites/422/2020/01/neve-web-design-bg-10.jpg...
[02/Dec/2020:09:34:51] (S): Fetched remote attachment.
[02/Dec/2020:09:34:51] (P): Inserting attachment...
[02/Dec/2020:09:34:51] (S): Attachment inserted
[02/Dec/2020:09:34:51] (S): Processed attachment.
[02/Dec/2020:09:34:51] (P): Processing attachment: https://s33834.pcdn.co/web-agency-gb/wp-content/uploads/sites/422/2020/01/neve-web-design-bg-11.jpg...
[02/Dec/2020:09:34:51] (P): Fetching attachment from url: https://s33834.pcdn.co/web-agency-gb/wp-content/uploads/sites/422/2020/01/neve-web-design-bg-11.jpg...
[02/Dec/2020:09:34:51] (S): Fetched remote attachment.
[02/Dec/2020:09:34:51] (P): Inserting attachment...
[02/Dec/2020:09:34:51] (S): Attachment inserted
[02/Dec/2020:09:34:51] (S): Processed attachment.
[02/Dec/2020:09:34:51] (P): Processing attachment: https://s33834.pcdn.co/web-agency-gb/wp-content/uploads/sites/422/2020/01/neve-web-design-bg-12.jpg...
[02/Dec/2020:09:34:51] (P): Fetching attachment from url: https://s33834.pcdn.co/web-agency-gb/wp-content/uploads/sites/422/2020/01/neve-web-design-bg-12.jpg...
[02/Dec/2020:09:34:52] (S): Fetched remote attachment.
[02/Dec/2020:09:34:52] (P): Inserting attachment...
[02/Dec/2020:09:34:52] (S): Attachment inserted
[02/Dec/2020:09:34:52] (S): Processed attachment.
[02/Dec/2020:09:34:52] (P): Processing attachment: https://s33834.pcdn.co/web-agency-gb/wp-content/uploads/sites/422/2020/01/neve-web-design-bg-13.jpg...
[02/Dec/2020:09:34:52] (P): Fetching attachment from url: https://s33834.pcdn.co/web-agency-gb/wp-content/uploads/sites/422/2020/01/neve-web-design-bg-13.jpg...
[02/Dec/2020:09:34:52] (S): Fetched remote attachment.
[02/Dec/2020:09:34:52] (P): Inserting attachment...
[02/Dec/2020:09:34:52] (S): Attachment inserted
[02/Dec/2020:09:34:52] (S): Processed attachment.
[02/Dec/2020:09:34:52] (P): Processing attachment: https://s33834.pcdn.co/web-agency-gb/wp-content/uploads/sites/422/2020/01/neve-web-design-bg-14.jpg...
[02/Dec/2020:09:34:52] (P): Fetching attachment from url: https://s33834.pcdn.co/web-agency-gb/wp-content/uploads/sites/422/2020/01/neve-web-design-bg-14.jpg...
[02/Dec/2020:09:34:52] (S): Fetched remote attachment.
[02/Dec/2020:09:34:52] (P): Inserting attachment...
[02/Dec/2020:09:34:52] (S): Attachment inserted
[02/Dec/2020:09:34:52] (S): Processed attachment.
[02/Dec/2020:09:34:52] (P): Processing attachment: https://s33834.pcdn.co/web-agency-gb/wp-content/uploads/sites/422/2020/01/neve-web-design-bg-15.jpg...
[02/Dec/2020:09:34:52] (P): Fetching attachment from url: https://s33834.pcdn.co/web-agency-gb/wp-content/uploads/sites/422/2020/01/neve-web-design-bg-15.jpg...
[02/Dec/2020:09:34:52] (S): Fetched remote attachment.
[02/Dec/2020:09:34:52] (P): Inserting attachment...
[02/Dec/2020:09:34:52] (S): Attachment inserted
[02/Dec/2020:09:34:52] (S): Processed attachment.
[02/Dec/2020:09:34:52] (P): Processing attachment: https://s33834.pcdn.co/web-agency-gb/wp-content/uploads/sites/422/2020/06/web-agency-logo-2.png...
[02/Dec/2020:09:34:52] (P): Fetching attachment from url: https://s33834.pcdn.co/web-agency-gb/wp-content/uploads/sites/422/2020/06/web-agency-logo-2.png...
[02/Dec/2020:09:34:53] (S): Fetched remote attachment.
[02/Dec/2020:09:34:53] (P): Inserting attachment...
[02/Dec/2020:09:34:53] (S): Attachment inserted
[02/Dec/2020:09:34:53] (S): Processed attachment.
[02/Dec/2020:09:34:53] (P): Processing attachment: https://s33834.pcdn.co/web-agency-gb/wp-content/uploads/sites/422/2020/06/web-agency-icon.png...
[02/Dec/2020:09:34:53] (P): Fetching attachment from url: https://s33834.pcdn.co/web-agency-gb/wp-content/uploads/sites/422/2020/06/web-agency-icon.png...
[02/Dec/2020:09:34:53] (S): Fetched remote attachment.
[02/Dec/2020:09:34:53] (P): Inserting attachment...
[02/Dec/2020:09:34:53] (S): Attachment inserted
[02/Dec/2020:09:34:53] (S): Processed attachment.
[02/Dec/2020:09:34:53] (P): Processing attachment: https://s33834.pcdn.co/web-agency-gb/wp-content/uploads/sites/422/2020/06/cropped-web-agency-logo-2.png...
[02/Dec/2020:09:34:53] (P): Fetching attachment from url: https://s33834.pcdn.co/web-agency-gb/wp-content/uploads/sites/422/2020/06/cropped-web-agency-logo-2.png...
[02/Dec/2020:09:34:53] (S): Fetched remote attachment.
[02/Dec/2020:09:34:53] (P): Inserting attachment...
[02/Dec/2020:09:34:53] (S): Attachment inserted
[02/Dec/2020:09:34:53] (S): Processed attachment.
[02/Dec/2020:09:34:53] (P): Processing attachment: https://s33834.pcdn.co/web-agency-gb/wp-content/uploads/sites/422/2020/06/cropped-web-agency-icon.png...
[02/Dec/2020:09:34:53] (P): Fetching attachment from url: https://s33834.pcdn.co/web-agency-gb/wp-content/uploads/sites/422/2020/06/cropped-web-agency-icon.png...
[02/Dec/2020:09:34:53] (S): Fetched remote attachment.
[02/Dec/2020:09:34:53] (P): Inserting attachment...
[02/Dec/2020:09:34:53] (S): Attachment inserted
[02/Dec/2020:09:34:53] (S): Processed attachment.
[02/Dec/2020:09:34:53] (P): Processing attachment: https://s33834.pcdn.co/web-agency-gb/wp-content/uploads/sites/422/2020/07/web-design-studio-01.jpg.jpg...
[02/Dec/2020:09:34:53] (P): Fetching attachment from url: https://s33834.pcdn.co/web-agency-gb/wp-content/uploads/sites/422/2020/07/web-design-studio-01.jpg.jpg...
[02/Dec/2020:09:34:53] (S): Fetched remote attachment.
[02/Dec/2020:09:34:53] (P): Inserting attachment...
[02/Dec/2020:09:34:53] (S): Attachment inserted
[02/Dec/2020:09:34:53] (S): Processed attachment.
[02/Dec/2020:09:34:53] (P): Inserting post: 5 UX Principles for Creating a Great Website .
[02/Dec/2020:09:34:53] (S): Done inserting post: 5 UX Principles for Creating a Great Website .
[02/Dec/2020:09:34:53] (P): Inserting page: News .
[02/Dec/2020:09:34:54] (S): Done inserting page: News .
[02/Dec/2020:09:34:54] (P): Inserting page: Home .
[02/Dec/2020:09:34:54] (S): Done inserting page: Home .
[02/Dec/2020:09:34:54] (P): Processing single menu item ' '...
[02/Dec/2020:09:34:54] (S): Processed single menu item.
[02/Dec/2020:09:34:54] (P): Inserting post: Web Design Trends for 2020 .
[02/Dec/2020:09:34:54] (S): Done inserting post: Web Design Trends for 2020 .
[02/Dec/2020:09:34:54] (P): Inserting post: A Simple Guide to Design Thinking .
[02/Dec/2020:09:34:54] (S): Done inserting post: A Simple Guide to Design Thinking .
[02/Dec/2020:09:34:54] (P): Inserting wp_block: 3 column section .
[02/Dec/2020:09:34:54] (S): Done inserting wp_block: 3 column section .
[02/Dec/2020:09:34:54] (P): Inserting page: About Us .
[02/Dec/2020:09:34:54] (S): Done inserting page: About Us .
[02/Dec/2020:09:34:54] (P): Processing single menu item ' '...
[02/Dec/2020:09:34:54] (S): Processed single menu item.
[02/Dec/2020:09:34:54] (P): Inserting page: Portfolio .
[02/Dec/2020:09:34:54] (S): Done inserting page: Portfolio .
[02/Dec/2020:09:34:54] (P): Inserting page: Portfolio Single .
[02/Dec/2020:09:34:54] (S): Done inserting page: Portfolio Single .
[02/Dec/2020:09:34:54] (P): Processing single menu item ' '...
[02/Dec/2020:09:34:54] (S): Processed single menu item.
[02/Dec/2020:09:34:54] (P): Processing single menu item ' '...
[02/Dec/2020:09:34:54] (S): Processed single menu item.
[02/Dec/2020:09:34:54] (P): Inserting page: Contact Us .
[02/Dec/2020:09:34:54] (S): Done inserting page: Contact Us .
[02/Dec/2020:09:34:54] (P): Processing single menu item ' '...
[02/Dec/2020:09:34:55] (S): Processed single menu item.
[02/Dec/2020:09:34:55] (P): Inserting wp_block: Team Social Icons .
[02/Dec/2020:09:34:55] (S): Done inserting wp_block: Team Social Icons .
[02/Dec/2020:09:34:55] (S): Processed posts.
[02/Dec/2020:09:34:55] (P): Processing single menu item ' '...
[02/Dec/2020:09:34:55] (S): Processed single menu item.
[02/Dec/2020:09:34:55] (P): Cleaning up import with id ...
[02/Dec/2020:09:34:55] (P): Done cleanup. Flushing cache...
[02/Dec/2020:09:34:55] (P): Flushed cache. Removing temporary data..
[02/Dec/2020:09:34:55] (S): Done importing
[02/Dec/2020:09:34:55] (P): Busting elementor cache
[02/Dec/2020:09:34:55] (S): Front page set up with id: 5.
